app/build/outputs/mapping/release/seeds.txt
com.kt.webconteinerapp.ErroresActivity
com.kt.webconteinerapp.IngresoDatosActivity
com.kt.webconteinerapp.MainActivity
com.kt.webconteinerapp.ErroresActivity: ErroresActivity()
com.kt.webconteinerapp.IngresoDatosActivity: IngresoDatosActivity()
com.kt.webconteinerapp.MainActivity: MainActivity()
...
com.google.android.material.chip.Chip: void setCloseIconTintResource(int)
com.google.android.material.textfield.TextInputLayout: android.content.res.ColorStateList getPlaceholderTextColor()
androidx.appcompat.widget.AppCompatImageButton: void setSupportImageTintMode(android.graphics.PorterDuff$Mode)
com.google.android.material.textfield.TextInputLayout: void setPrefixTextColor(android.content.res.ColorStateList)
androidx.core.view.ViewCompat$Api21Impl: void setTransitionName(android.view.View,java.lang.String)
androidx.appcompat.widget.AppCompatButton: void setAllCaps(boolean)
androidx.loader.app.LoaderManagerImpl$LoaderViewModel: LoaderManagerImpl$LoaderViewModel()
com.google.android.material.chip.Chip: float getChipMinHeight()
com.google.android.material.textfield.TextInputLayout: int getMaxWidth()
androidx.fragment.app.FragmentContainerView: void setDrawDisappearingViewsLast(boolean)
com.google.android.material.textfield.TextInputLayout: void setHintInternal(java.lang.CharSequence)
com.google.android.material.textfield.TextInputEditText: java.lang.CharSequence getHint()
com.google.android.material.chip.Chip: android.graphics.RectF getCloseIconTouchBounds()
com.google.android.material.button.MaterialButton: MaterialButton(android.content.Context,android.util.AttributeSet)
com.google.android.material.textfield.TextInputLayout: void setSuffixTextAppearance(int)
androidx.appcompat.widget.ActionBarContainer: void setTransitioning(boolean)
androidx.core.view.ViewCompat$Api16Impl: void postOnAnimationDelayed(android.view.View,java.lang.Runnable,long)
androidx.recyclerview.widget.RecyclerView: void setRecycledViewPool(androidx.recyclerview.widget.RecyclerView$RecycledViewPool)
androidx.lifecycle.EmptyActivityLifecycleCallbacks: void onActivitySaveInstanceState(android.app.Activity,android.os.Bundle)
androidx.constraintlayout.widget.ConstraintLayout: void setOnConstraintsChanged(androidx.constraintlayout.widget.ConstraintsChangedListener)
com.google.android.material.textfield.TextInputLayout: void setBoxStrokeColorStateList(android.content.res.ColorStateList)
androidx.coordinatorlayout.widget.CoordinatorLayout: int getNestedScrollAxes()
androidx.vectordrawable.graphics.drawable.VectorDrawableCompat$VFullPath: int getFillColor()
com.google.android.material.behavior.HideBottomViewOnScrollBehavior: HideBottomViewOnScrollBehavior(android.content.Context,android.util.AttributeSet)
com.google.android.material.textfield.TextInputLayout: void setPrefixTextAppearance(int)
com.google.android.material.textfield.TextInputLayout: void setPlaceholderTextColor(android.content.res.ColorStateList)
androidx.appcompat.widget.AppCompatImageButton: void setSupportImageTintList(android.content.res.ColorStateList)
androidx.appcompat.resources.Compatibility$Api21Impl: void inflate(android.graphics.drawable.Drawable,android.content.res.Resources,org.xmlpull.v1.XmlPullParser,android.util.AttributeSet,android.content.res.Resources$Theme)
com.google.android.material.internal.NavigationMenuItemView: void setTextColor(android.content.res.ColorStateList)
androidx.appcompat.widget.Toolbar: android.graphics.drawable.Drawable getOverflowIcon()
androidx.appcompat.widget.AppCompatSpinner: android.graphics.drawable.Drawable getPopupBackground()
androidx.appcompat.widget.AppCompatMultiAutoCompleteTextView: void setEmojiCompatEnabled(boolean)
com.google.android.material.textfield.TextInputLayout: void setBoxStrokeWidthResource(int)
androidx.core.view.ViewCompat$Api16Impl: void setBackground(android.view.View,android.graphics.drawable.Drawable)
androidx.vectordrawable.graphics.drawable.VectorDrawableCompat$VPath: java.lang.String getPathName()
androidx.core.view.ViewCompat$Api21Impl: float getElevation(android.view.View)
androidx.core.view.WindowInsetsCompat$Impl: boolean isRound()
androidx.appcompat.widget.MenuPopupWindow$MenuDropDownListView: void setHoverListener(androidx.appcompat.widget.MenuItemHoverListener)