app/build/outputs/mapping/release/mapping.txt
# compiler: R8
# compiler_version: 8.1.65
# min_api: 21
# common_typos_disable
# {"id":"com.android.tools.r8.mapping","version":"2.2"}
# pg_map_id: 5320f2a
# pg_map_hash: SHA-256 5320f2a7223fa7686206b8545efd3550150b9ea14c050a33984c32eb8a9cff23
com.kt.webconteinerapp.ErroresActivity -> com.kt.webconteinerapp.ErroresActivity:
    int $r8$clinit -> o
    6:24:void hideSystemUI():0:0 -> onWindowFocusChanged
    6:24:void onWindowFocusChanged(boolean):0 -> onWindowFocusChanged
com.kt.webconteinerapp.ErroresActivity$$ExternalSyntheticLambda0 -> s1.a:
# {"id":"sourceFile","fileName":"R8$$SyntheticClass"}
# {"id":"com.android.tools.r8.synthesized"}
    com.kt.webconteinerapp.ErroresActivity com.kt.webconteinerapp.ErroresActivity$$InternalSyntheticLambda$1$3acd8a5f2c453db3a1250e998048fa3a3a9fc1480dbfc8d98aeb53408b945433$0.f$0 -> b
    1:1:void com.kt.webconteinerapp.ErroresActivity$$InternalSyntheticLambda$1$3acd8a5f2c453db3a1250e998048fa3a3a9fc1480dbfc8d98aeb53408b945433$0.<init>(com.kt.webconteinerapp.ErroresActivity):0:0 -> <init>
      # {"id":"com.android.tools.r8.synthesized"}
    5:9:void com.kt.webconteinerapp.ErroresActivity.onCreate$lambda$0(com.kt.webconteinerapp.ErroresActivity,android.view.View):0:0 -> onClick
    5:9:void com.kt.webconteinerapp.ErroresActivity$$InternalSyntheticLambda$1$3acd8a5f2c453db3a1250e998048fa3a3a9fc1480dbfc8d98aeb53408b945433$0.onClick(android.view.View):0 -> onClick
      # {"id":"com.android.tools.r8.synthesized"}
    10:19:void com.kt.webconteinerapp.ErroresActivity.startMainActivity(android.content.Context):0:0 -> onClick
    10:19:void com.kt.webconteinerapp.ErroresActivity.onCreate$lambda$0(com.kt.webconteinerapp.ErroresActivity,android.view.View):0 -> onClick
    10:19:void com.kt.webconteinerapp.ErroresActivity$$InternalSyntheticLambda$1$3acd8a5f2c453db3a1250e998048fa3a3a9fc1480dbfc8d98aeb53408b945433$0.onClick(android.view.View):0 -> onClick
com.kt.webconteinerapp.IngresoDatosActivity -> com.kt.webconteinerapp.IngresoDatosActivity:
    android.widget.ProgressBar progressBar -> o
    int CAMERA_PERMISSION_REQUEST_CODE -> p
    int $r8$clinit -> q
    69:77:void kotlin.text.Regex.<init>(java.lang.String):0:0 -> n
    69:77:boolean getPingResponse(java.lang.String):0 -> n
    78:86:boolean getPingResponse(java.lang.String):0:0 -> n
    87:95:kotlin.text.MatchResult kotlin.text.Regex.find(java.lang.CharSequence,int):0:0 -> n
    87:95:kotlin.text.MatchResult kotlin.text.Regex.find$default(kotlin.text.Regex,java.lang.CharSequence,int,int,java.lang.Object):0 -> n
    87:95:boolean getPingResponse(java.lang.String):0 -> n
    96:111:kotlin.text.MatchResult kotlin.text.RegexKt.findNext(java.util.regex.Matcher,int,java.lang.CharSequence):0:0 -> n
    96:111:kotlin.text.MatchResult kotlin.text.RegexKt.access$findNext(java.util.regex.Matcher,int,java.lang.CharSequence):0 -> n
    96:111:kotlin.text.MatchResult kotlin.text.Regex.find(java.lang.CharSequence,int):0 -> n
    96:111:kotlin.text.MatchResult kotlin.text.Regex.find$default(kotlin.text.Regex,java.lang.CharSequence,int,int,java.lang.Object):0 -> n
    96:111:boolean getPingResponse(java.lang.String):0 -> n
    112:115:kotlin.text.MatchGroupCollection kotlin.text.MatcherMatchResult.getGroups():0:0 -> n
    112:115:boolean getPingResponse(java.lang.String):0 -> n
    116:121:boolean getPingResponse(java.lang.String):0:0 -> n
...
com.google.android.material.behavior.SwipeDismissBehavior -> com.google.android.material.behavior.SwipeDismissBehavior:
    androidx.customview.widget.ViewDragHelper viewDragHelper -> a
    boolean interceptingEvents -> b
    int swipeDirection -> c
    float dragDismissThreshold -> d
    float alphaStartSwipeDistance -> e
    float alphaEndSwipeDistance -> f
    androidx.customview.widget.ViewDragHelper$Callback dragCallback -> g
    38:41:void ensureViewDragHelper(android.view.ViewGroup):0:0 -> f
    38:41:boolean onInterceptTouchEvent(androidx.coordinatorlayout.widget.CoordinatorLayout,android.view.View,android.view.MotionEvent):0 -> f
    42:52:androidx.customview.widget.ViewDragHelper androidx.customview.widget.ViewDragHelper.create(android.view.ViewGroup,androidx.customview.widget.ViewDragHelper$Callback):0:0 -> f
    42:52:void ensureViewDragHelper(android.view.ViewGroup):0 -> f
    42:52:boolean onInterceptTouchEvent(androidx.coordinatorlayout.widget.CoordinatorLayout,android.view.View,android.view.MotionEvent):0 -> f
    53:54:void ensureViewDragHelper(android.view.ViewGroup):0:0 -> f
    53:54:boolean onInterceptTouchEvent(androidx.coordinatorlayout.widget.CoordinatorLayout,android.view.View,android.view.MotionEvent):0 -> f
    55:62:boolean onInterceptTouchEvent(androidx.coordinatorlayout.widget.CoordinatorLayout,android.view.View,android.view.MotionEvent):0:0 -> f
    3:10:int androidx.core.view.ViewCompat.getImportantForAccessibility(android.view.View):0:0 -> g
com.google.android.material.behavior.SwipeDismissBehavior$1 -> b1.a:
    int originalCapturedViewLeft -> M
    int activePointerId -> N
    com.google.android.material.behavior.SwipeDismissBehavior this$0 -> O
    1:1:void <init>(com.google.android.material.behavior.SwipeDismissBehavior):0:0 -> <init>
    1:1:boolean tryCaptureView(android.view.View,int):0:0 -> S0
    1:1:int getViewHorizontalDragRange(android.view.View):0:0 -> b0
    3:12:int androidx.core.view.ViewCompat.getLayoutDirection(android.view.View):0:0 -> p
    3:12:int clampViewPositionHorizontal(android.view.View,int,int):0 -> p
      # {"id":"com.android.tools.r8.residualsignature","signature":"(Landroid/view/View;I)I"}
    13:57:int clampViewPositionHorizontal(android.view.View,int,int):0:0 -> p
    58:66:int com.google.android.material.behavior.SwipeDismissBehavior.clamp(int,int,int):0:0 -> p
    58:66:int clampViewPositionHorizontal(android.view.View,int,int):0 -> p
    1:1:int clampViewPositionVertical(android.view.View,int,int):0:0 -> q
      # {"id":"com.android.tools.r8.residualsignature","signature":"(Landroid/view/View;I)I"}
    1:1:void onViewCaptured(android.view.View,int):0:0 -> r0
    1:1:void onViewDragStateChanged(int):0:0 -> s0
    54:61:float com.google.android.material.behavior.SwipeDismissBehavior.clamp(float,float,float):0:0 -> t0
    54:61:void onViewPositionChanged(android.view.View,int,int,int,int):0 -> t0
com.google.android.material.behavior.SwipeDismissBehavior$SettleRunnable -> b1.b:
    android.view.View view -> a
    com.google.android.material.behavior.SwipeDismissBehavior this$0 -> b
    1:1:void <init>(com.google.android.material.behavior.SwipeDismissBehavior,android.view.View,boolean):0:0 -> <init>
    15:20:void androidx.core.view.ViewCompat.postOnAnimation(android.view.View,java.lang.Runnable):0:0 -> run
    15:20:void run():0 -> run
com.google.android.material.bottomappbar.BottomAppBar$Behavior -> com.google.android.material.bottomappbar.BottomAppBar$Behavior:
    1:1:void <init>():0:0 -> <init>
    2:2:void <init>(android.content.Context,android.util.AttributeSet):0:0 -> <init>
    1:1:boolean onLayoutChild(androidx.coordinatorlayout.widget.CoordinatorLayout,android.view.View,int):0:0 -> g
    1:1:boolean onStartNestedScroll(androidx.coordinatorlayout.widget.CoordinatorLayout,android.view.View,android.view.View,android.view.View,int,int):0:0 -> o
      # {"id":"com.android.tools.r8.residualsignature","signature":"(Landroid/view/View;II)Z"}