app/build/outputs/mapping/release/usage.txt
com.kt.webconteinerapp.BuildConfig
com.kt.webconteinerapp.MainActivity$MyWebViewClient:
    public final javax.net.ssl.SSLSocketFactory getSslSocketFactory()
com.kt.webconteinerapp.MainActivity:
    private final void configureSslOld(android.webkit.WebView)
com.kt.webconteinerapp.R$array
com.kt.webconteinerapp.R$color
com.kt.webconteinerapp.R$drawable
com.kt.webconteinerapp.R$id
com.kt.webconteinerapp.R$layout
com.kt.webconteinerapp.R$mipmap
com.kt.webconteinerapp.R$raw
com.kt.webconteinerapp.R$string
com.kt.webconteinerapp.R$style
com.kt.webconteinerapp.R$xml
com.kt.webconteinerapp.R
com.kt.webconteinerapp.ErroresActivity:
    public final void hideSystemUI()
    public final void startMainActivity(android.content.Context)
com.kt.webconteinerapp.IngresoDatosActivity$onCreate$3:
    private static void afterTextChanged$com$kt$webconteinerapp$IngresoDatosActivity$onCreate$3()
    private static void afterTextChanged$com$kt$webconteinerapp$IngresoDatosActivity$onCreate$4()
    private static void beforeTextChanged$com$kt$webconteinerapp$IngresoDatosActivity$onCreate$3()
    private static void beforeTextChanged$com$kt$webconteinerapp$IngresoDatosActivity$onCreate$4()
com.kt.webconteinerapp.IngresoDatosActivity$onCreate$4
com.kt.webconteinerapp.IngresoDatosActivity:
    public static java.lang.String completarConCeros()
    public final void hideSystemUI()
    public static java.lang.String resolverNombreServidor()
    public final void startMainActivity(android.content.Context)
    public static boolean validateIP()
com.kt.webconteinerapp.MainActivity$$InternalSyntheticLambda$1$ea80f62e9c01702ece840656c338698ed6684b49c9f5b1f4eba9d231cc79bf20$0
com.kt.webconteinerapp.MainActivity$MyWebViewClient$$InternalSyntheticApiModelOutline$2$dba219ce15d3fd84b54974b4ce6f9b76093e81b81306795b57d7d4b8da948930$0
com.kt.webconteinerapp.MainActivity$MyWebViewClient$$InternalSyntheticApiModelOutline$2$dba219ce15d3fd84b54974b4ce6f9b76093e81b81306795b57d7d4b8da948930$1
com.kt.webconteinerapp.MainActivity$MyWebViewClient:
    public javax.net.ssl.SSLSocketFactory sslSocketFactory
    public static void setSslSocketFactory()
com.kt.webconteinerapp.MainActivity$onCreate$2
com.kt.webconteinerapp.MainActivity:
    public static final synthetic android.widget.ProgressBar access$getProgressBar$p()
    public static void configureSsl()
    public final void hideSystemUI()
...
androidx.core.widget.TextViewOnReceiveContentListener$Api16Impl
androidx.core.widget.TextViewOnReceiveContentListener$ApiImpl
androidx.core.widget.TintableCheckedTextView
androidx.core.widget.TintableCompoundButton
androidx.core.widget.TintableImageSourceView
androidx.cursoradapter.widget.CursorAdapter$ChangeObserver:
    private static void $r8$constructor$androidx$cursoradapter$widget$CursorAdapter$ChangeObserver()
    private static void $r8$constructor$androidx$emoji2$text$FontRequestEmojiCompatConfig$FontRequestMetadataLoader$1()
    public void <init>()
    private static boolean deliverSelfNotifications$androidx$cursoradapter$widget$CursorAdapter$ChangeObserver()
androidx.cursoradapter.widget.CursorAdapter$MyDataSetObserver
androidx.cursoradapter.widget.CursorAdapter:
    public android.content.Context mContext
    public abstract android.database.Cursor getCursor()
    public abstract void init()
    public abstract android.view.View newDropDownView(android.view.ViewGroup)
    public abstract void onContentChanged()
    public abstract android.database.Cursor swapCursor()
androidx.cursoradapter.widget.CursorFilter$CursorFilterClient:
    public abstract void changeCursor(android.database.Cursor)
    public abstract java.lang.String convertToString(android.database.Cursor)
    public abstract android.database.Cursor getCursor()
    public abstract android.database.Cursor runQueryOnBackgroundThread()
androidx.cursoradapter.widget.ResourceCursorAdapter
androidx.customview.view.AbsSavedState$2
androidx.customview.view.AbsSavedState:
    public abstract android.os.Parcelable getSuperState()
androidx.customview.widget.ExploreByTouchHelper$1
androidx.customview.widget.ExploreByTouchHelper$2
androidx.customview.widget.ExploreByTouchHelper
androidx.customview.widget.FocusStrategy$BoundsAdapter
androidx.customview.widget.FocusStrategy$CollectionAdapter
androidx.customview.widget.FocusStrategy:
    public static int getWeightedDistanceFor(int,int)
androidx.customview.widget.ViewDragHelper$2
androidx.customview.widget.ViewDragHelper$Callback:
    public abstract int getOrderedChildIndex()
    public abstract void onEdgeDragStarted()
    public abstract boolean onEdgeLock()
    public abstract void onEdgeTouched()
androidx.customview.widget.ViewDragHelper:
    public final int mDefaultEdgeSize
    public final int mTrackingEdges
    public static float clampMag(float,float,float)
    public static int clampMag(int,int,int)
    public static void clearMotionHistory()
    public static int computeSettleDuration()
    public static androidx.customview.widget.ViewDragHelper create()
    public final void dispatchViewReleased(float,float)
    public static float distanceInfluenceForSnapDuration()
    public static void dragTo()
    public static void ensureMotionHistorySizeForId()
    public static int getEdgesTouched()
    public static int getTouchSlop()
    public static boolean isCapturedViewUnder()
    public final boolean isPointerDown(int)
    public static boolean isViewUnder()
    public static boolean smoothSlideViewTo()
androidx.emoji2.text.ConcurrencyHelpers
androidx.emoji2.text.DefaultEmojiCompatConfig$DefaultEmojiCompatConfigFactory
androidx.emoji2.text.DefaultEmojiCompatConfig$DefaultEmojiCompatConfigHelper
androidx.emoji2.text.DefaultEmojiCompatConfig$DefaultEmojiCompatConfigHelper_API19:
    public final android.content.pm.ProviderInfo getProviderInfo(android.content.pm.ResolveInfo)
    public final java.util.List queryIntentContentProviders(android.content.pm.PackageManager,android.content.Intent)
androidx.emoji2.text.DefaultEmojiCompatConfig
androidx.emoji2.text.EmojiCompat$CompatInternal19:
    public final void loadMetadata()
    public static void onMetadataLoadSuccess()
androidx.emoji2.text.EmojiCompat$CompatInternal